2026-03-31 12:32:38,333 INFO o.a.j.u.JMeterUtils: Setting Locale to en_EN
2026-03-31 12:32:38,378 INFO o.a.j.JMeter: Loading user properties from: C:\apache-jmeter-5.6.3\bin\user.properties
2026-03-31 12:32:38,379 INFO o.a.j.JMeter: Loading system properties from: C:\apache-jmeter-5.6.3\bin\system.properties
2026-03-31 12:32:38,390 INFO o.a.j.JMeter: Copyright (c) 1998-2024 The Apache Software Foundation
2026-03-31 12:32:38,390 INFO o.a.j.JMeter: Version 5.6.3
2026-03-31 12:32:38,390 INFO o.a.j.JMeter: java.version=11.0.29
2026-03-31 12:32:38,390 INFO o.a.j.JMeter: java.vm.name=Java HotSpot(TM) 64-Bit Server VM
2026-03-31 12:32:38,390 INFO o.a.j.JMeter: os.name=Windows 10
2026-03-31 12:32:38,390 INFO o.a.j.JMeter: os.arch=amd64
2026-03-31 12:32:38,392 INFO o.a.j.JMeter: os.version=10.0
2026-03-31 12:32:38,392 INFO o.a.j.JMeter: file.encoding=Cp1252
2026-03-31 12:32:38,392 INFO o.a.j.JMeter: java.awt.headless=null
2026-03-31 12:32:38,392 INFO o.a.j.JMeter: Max memory     =1073741824
2026-03-31 12:32:38,392 INFO o.a.j.JMeter: Available Processors =4
2026-03-31 12:32:38,405 INFO o.a.j.JMeter: Default Locale=English (EN)
2026-03-31 12:32:38,406 INFO o.a.j.JMeter: JMeter  Locale=English (EN)
2026-03-31 12:32:38,406 INFO o.a.j.JMeter: JMeterHome=C:\apache-jmeter-5.6.3
2026-03-31 12:32:38,406 INFO o.a.j.JMeter: user.dir  =C:\Users\Administrator\Desktop\Food_Application_Capstone
2026-03-31 12:32:38,406 INFO o.a.j.JMeter: PWD       =C:\Users\Administrator\Desktop\Food_Application_Capstone
2026-03-31 12:32:38,412 INFO o.a.j.JMeter: IP: 172.19.11.220 Name: 3def552b606858f FullName: 172.19.11.220
2026-03-31 12:32:38,442 INFO o.a.j.JMeter: Loaded icon properties from org/apache/jmeter/images/icon.properties
2026-03-31 12:32:38,867 INFO o.a.j.JMeterGuiLauncher: Setting LAF to: com.github.weisj.darklaf.DarkLaf:com.github.weisj.darklaf.theme.DarculaTheme
2026-03-31 12:33:22,302 INFO o.a.j.p.h.s.HTTPSamplerBase: Parser for text/html is org.apache.jmeter.protocol.http.parser.LagartoBasedHtmlParser
2026-03-31 12:33:22,302 INFO o.a.j.p.h.s.HTTPSamplerBase: Parser for application/xhtml+xml is org.apache.jmeter.protocol.http.parser.LagartoBasedHtmlParser
2026-03-31 12:33:22,318 INFO o.a.j.p.h.s.HTTPSamplerBase: Parser for application/xml is org.apache.jmeter.protocol.http.parser.LagartoBasedHtmlParser
2026-03-31 12:33:22,318 INFO o.a.j.p.h.s.HTTPSamplerBase: Parser for text/xml is org.apache.jmeter.protocol.http.parser.LagartoBasedHtmlParser
2026-03-31 12:33:22,318 INFO o.a.j.p.h.s.HTTPSamplerBase: Parser for text/vnd.wap.wml is org.apache.jmeter.protocol.http.parser.RegexpHTMLParser
2026-03-31 12:33:22,318 INFO o.a.j.p.h.s.HTTPSamplerBase: Parser for text/css is org.apache.jmeter.protocol.http.parser.CssParser
2026-03-31 12:34:12,678 INFO o.a.j.s.FileServer: Default base='C:\Users\Administrator\Desktop\Food_Application_Capstone'
2026-03-31 12:34:12,678 INFO o.a.j.s.FileServer: Set new base='C:\Users\Administrator\Desktop\Food_Application_Capstone'
2026-03-31 12:34:12,990 INFO o.a.j.s.SaveService: Testplan (JMX) version: 2.2. Testlog (JTL) version: 2.2
2026-03-31 12:34:13,037 INFO o.a.j.s.SaveService: Using SaveService properties version 5.0
2026-03-31 12:34:13,037 INFO o.a.j.s.SaveService: Using SaveService properties file encoding UTF-8
2026-03-31 12:34:13,068 INFO o.a.j.e.StandardJMeterEngine: Running the test!
2026-03-31 12:34:13,068 INFO o.a.j.s.SampleEvent: List of sample_variables: []
2026-03-31 12:34:13,068 INFO o.a.j.s.SampleEvent: List of sample_variables: []
2026-03-31 12:34:13,084 INFO o.a.j.e.u.CompoundVariable: Note: Function class names must contain the string: '.functions.'
2026-03-31 12:34:13,084 INFO o.a.j.e.u.CompoundVariable: Note: Function class names must not contain the string: '.gui.'
2026-03-31 12:34:13,587 INFO o.a.j.g.u.JMeterMenuBar: setRunning(true, *local*)
2026-03-31 12:34:13,774 INFO o.a.j.e.StandardJMeterEngine: Starting ThreadGroup: 1 : Thread Group
2026-03-31 12:34:13,774 INFO o.a.j.e.StandardJMeterEngine: Starting 10 threads for group Thread Group.
2026-03-31 12:34:13,774 INFO o.a.j.e.StandardJMeterEngine: Thread will continue on error
2026-03-31 12:34:13,774 INFO o.a.j.t.ThreadGroup: Starting thread group... number=1 threads=10 ramp-up=1 delayedStart=false
2026-03-31 12:34:13,785 INFO o.a.j.t.ThreadGroup: Started thread group number 1
2026-03-31 12:34:13,787 INFO o.a.j.e.StandardJMeterEngine: All thread groups have been started
2026-03-31 12:34:13,834 INFO o.a.j.t.JMeterThread: Thread started: Thread Group 1-1
2026-03-31 12:34:13,858 INFO o.a.j.p.h.s.HTTPHCAbstractImpl: Local host = 3def552b606858f
2026-03-31 12:34:13,868 INFO o.a.j.p.h.s.HTTPHC4Impl: HTTP request retry count = 0
2026-03-31 12:34:13,870 INFO o.a.j.s.SampleResult: Note: Sample TimeStamps are START times
2026-03-31 12:34:13,870 INFO o.a.j.s.SampleResult: sampleresult.default.encoding is set to UTF-8
2026-03-31 12:34:13,870 INFO o.a.j.s.SampleResult: sampleresult.useNanoTime=true
2026-03-31 12:34:13,870 INFO o.a.j.s.SampleResult: sampleresult.nanoThreadSleep=5000
2026-03-31 12:34:13,928 INFO o.a.j.t.JMeterThread: Thread started: Thread Group 1-2
2026-03-31 12:34:14,025 INFO o.a.j.t.JMeterThread: Thread started: Thread Group 1-3
2026-03-31 12:34:14,047 INFO o.a.j.p.h.s.h.LazyLayeredConnectionSocketFactory: Setting up HTTPS TrustAll Socket Factory
2026-03-31 12:34:14,054 INFO o.a.j.u.JsseSSLManager: Using default SSL protocol: TLS
2026-03-31 12:34:14,054 INFO o.a.j.u.JsseSSLManager: SSL session context: per-thread
2026-03-31 12:34:14,125 INFO o.a.j.t.JMeterThread: Thread started: Thread Group 1-4
2026-03-31 12:34:14,180 INFO o.a.j.u.SSLManager: JmeterKeyStore Location:  type JKS
2026-03-31 12:34:14,185 INFO o.a.j.u.SSLManager: KeyStore created OK
2026-03-31 12:34:14,186 WARN o.a.j.u.SSLManager: Keystore file not found, loading empty keystore
2026-03-31 12:34:14,225 INFO o.a.j.t.JMeterThread: Thread started: Thread Group 1-5
2026-03-31 12:34:14,324 INFO o.a.j.t.JMeterThread: Thread started: Thread Group 1-6
2026-03-31 12:34:14,423 INFO o.a.j.t.JMeterThread: Thread started: Thread Group 1-7
2026-03-31 12:34:14,521 INFO o.a.j.t.JMeterThread: Thread started: Thread Group 1-8
2026-03-31 12:34:14,633 INFO o.a.j.t.JMeterThread: Thread started: Thread Group 1-9
2026-03-31 12:34:14,722 INFO o.a.j.t.JMeterThread: Thread started: Thread Group 1-10
2026-03-31 12:34:45,834 INFO o.a.j.t.JMeterThread: Thread is done: Thread Group 1-8
2026-03-31 12:34:45,834 INFO o.a.j.t.JMeterThread: Thread finished: Thread Group 1-8
2026-03-31 12:34:45,850 INFO o.a.j.t.JMeterThread: Thread is done: Thread Group 1-6
2026-03-31 12:34:45,850 INFO o.a.j.t.JMeterThread: Thread finished: Thread Group 1-6
2026-03-31 12:34:45,897 INFO o.a.j.t.JMeterThread: Thread is done: Thread Group 1-3
2026-03-31 12:34:45,897 INFO o.a.j.t.JMeterThread: Thread finished: Thread Group 1-3
2026-03-31 12:34:46,118 INFO o.a.j.t.JMeterThread: Thread is done: Thread Group 1-1
2026-03-31 12:34:46,118 INFO o.a.j.t.JMeterThread: Thread finished: Thread Group 1-1
2026-03-31 12:34:46,147 INFO o.a.j.t.JMeterThread: Thread is done: Thread Group 1-5
2026-03-31 12:34:46,147 INFO o.a.j.t.JMeterThread: Thread finished: Thread Group 1-5
2026-03-31 12:34:46,475 INFO o.a.j.t.JMeterThread: Thread is done: Thread Group 1-9
2026-03-31 12:34:46,475 INFO o.a.j.t.JMeterThread: Thread finished: Thread Group 1-9
2026-03-31 12:34:46,537 INFO o.a.j.t.JMeterThread: Thread is done: Thread Group 1-7
2026-03-31 12:34:46,553 INFO o.a.j.t.JMeterThread: Thread finished: Thread Group 1-7
2026-03-31 12:34:46,662 INFO o.a.j.t.JMeterThread: Thread is done: Thread Group 1-4
2026-03-31 12:34:46,662 INFO o.a.j.t.JMeterThread: Thread finished: Thread Group 1-4
2026-03-31 12:34:47,023 INFO o.a.j.t.JMeterThread: Thread is done: Thread Group 1-10
2026-03-31 12:34:47,023 INFO o.a.j.t.JMeterThread: Thread finished: Thread Group 1-10
2026-03-31 12:34:47,990 INFO o.a.j.t.JMeterThread: Thread is done: Thread Group 1-2
2026-03-31 12:34:47,990 INFO o.a.j.t.JMeterThread: Thread finished: Thread Group 1-2
2026-03-31 12:34:47,990 INFO o.a.j.e.StandardJMeterEngine: Notifying test listeners of end of test
2026-03-31 12:34:47,990 INFO o.a.j.g.u.JMeterMenuBar: setRunning(false, *local*)
2026-03-31 12:34:54,631 INFO o.a.j.e.StandardJMeterEngine: Running the test!
2026-03-31 12:34:54,631 INFO o.a.j.s.SampleEvent: List of sample_variables: []
2026-03-31 12:34:54,631 INFO o.a.j.g.u.JMeterMenuBar: setRunning(true, *local*)
2026-03-31 12:34:54,703 INFO o.a.j.e.StandardJMeterEngine: Starting ThreadGroup: 1 : Thread Group
2026-03-31 12:34:54,703 INFO o.a.j.e.StandardJMeterEngine: Starting 10 threads for group Thread Group.
2026-03-31 12:34:54,703 INFO o.a.j.e.StandardJMeterEngine: Thread will continue on error
2026-03-31 12:34:54,703 INFO o.a.j.t.ThreadGroup: Starting thread group... number=1 threads=10 ramp-up=1 delayedStart=false
2026-03-31 12:34:54,719 INFO o.a.j.t.ThreadGroup: Started thread group number 1
2026-03-31 12:34:54,719 INFO o.a.j.e.StandardJMeterEngine: All thread groups have been started
2026-03-31 12:34:54,740 INFO o.a.j.t.JMeterThread: Thread started: Thread Group 1-1
2026-03-31 12:34:54,850 INFO o.a.j.t.JMeterThread: Thread started: Thread Group 1-2
2026-03-31 12:34:54,944 INFO o.a.j.t.JMeterThread: Thread started: Thread Group 1-3
2026-03-31 12:34:55,053 INFO o.a.j.t.JMeterThread: Thread started: Thread Group 1-4
2026-03-31 12:34:55,147 INFO o.a.j.t.JMeterThread: Thread started: Thread Group 1-5
2026-03-31 12:34:55,241 INFO o.a.j.t.JMeterThread: Thread started: Thread Group 1-6
2026-03-31 12:34:55,350 INFO o.a.j.t.JMeterThread: Thread started: Thread Group 1-7
2026-03-31 12:34:55,444 INFO o.a.j.t.JMeterThread: Thread started: Thread Group 1-8
2026-03-31 12:34:55,553 INFO o.a.j.t.JMeterThread: Thread started: Thread Group 1-9
2026-03-31 12:34:55,647 INFO o.a.j.t.JMeterThread: Thread started: Thread Group 1-10
2026-03-31 12:35:26,225 INFO o.a.j.t.JMeterThread: Thread is done: Thread Group 1-1
2026-03-31 12:35:26,225 INFO o.a.j.t.JMeterThread: Thread finished: Thread Group 1-1
2026-03-31 12:35:26,382 INFO o.a.j.t.JMeterThread: Thread is done: Thread Group 1-7
2026-03-31 12:35:26,382 INFO o.a.j.t.JMeterThread: Thread finished: Thread Group 1-7
2026-03-31 12:35:26,387 INFO o.a.j.t.JMeterThread: Thread is done: Thread Group 1-3
2026-03-31 12:35:26,387 INFO o.a.j.t.JMeterThread: Thread finished: Thread Group 1-3
2026-03-31 12:35:26,487 INFO o.a.j.t.JMeterThread: Thread is done: Thread Group 1-2
2026-03-31 12:35:26,487 INFO o.a.j.t.JMeterThread: Thread finished: Thread Group 1-2
2026-03-31 12:35:26,819 INFO o.a.j.t.JMeterThread: Thread is done: Thread Group 1-9
2026-03-31 12:35:26,819 INFO o.a.j.t.JMeterThread: Thread finished: Thread Group 1-9
2026-03-31 12:35:26,882 INFO o.a.j.t.JMeterThread: Thread is done: Thread Group 1-6
2026-03-31 12:35:26,882 INFO o.a.j.t.JMeterThread: Thread finished: Thread Group 1-6
2026-03-31 12:35:27,210 INFO o.a.j.t.JMeterThread: Thread is done: Thread Group 1-8
2026-03-31 12:35:27,210 INFO o.a.j.t.JMeterThread: Thread finished: Thread Group 1-8
2026-03-31 12:35:27,210 INFO o.a.j.t.JMeterThread: Thread is done: Thread Group 1-5
2026-03-31 12:35:27,210 INFO o.a.j.t.JMeterThread: Thread finished: Thread Group 1-5
2026-03-31 12:35:27,475 INFO o.a.j.t.JMeterThread: Thread is done: Thread Group 1-4
2026-03-31 12:35:27,475 INFO o.a.j.t.JMeterThread: Thread finished: Thread Group 1-4
2026-03-31 12:35:27,741 INFO o.a.j.t.JMeterThread: Thread is done: Thread Group 1-10
2026-03-31 12:35:27,741 INFO o.a.j.t.JMeterThread: Thread finished: Thread Group 1-10
2026-03-31 12:35:27,741 INFO o.a.j.e.StandardJMeterEngine: Notifying test listeners of end of test
2026-03-31 12:35:27,741 INFO o.a.j.g.u.JMeterMenuBar: setRunning(false, *local*)
2026-03-31 12:36:54,101 INFO o.a.j.e.StandardJMeterEngine: Running the test!
2026-03-31 12:36:54,101 INFO o.a.j.s.SampleEvent: List of sample_variables: []
2026-03-31 12:36:54,101 INFO o.a.j.g.u.JMeterMenuBar: setRunning(true, *local*)
2026-03-31 12:36:54,180 INFO o.a.j.e.StandardJMeterEngine: Starting ThreadGroup: 1 : Thread Group
2026-03-31 12:36:54,180 INFO o.a.j.e.StandardJMeterEngine: Starting 10 threads for group Thread Group.
2026-03-31 12:36:54,180 INFO o.a.j.e.StandardJMeterEngine: Thread will continue on error
2026-03-31 12:36:54,180 INFO o.a.j.t.ThreadGroup: Starting thread group... number=1 threads=10 ramp-up=1 delayedStart=false
2026-03-31 12:36:54,180 INFO o.a.j.t.ThreadGroup: Started thread group number 1
2026-03-31 12:36:54,180 INFO o.a.j.e.StandardJMeterEngine: All thread groups have been started
2026-03-31 12:36:54,195 INFO o.a.j.t.JMeterThread: Thread started: Thread Group 1-1
2026-03-31 12:36:54,304 INFO o.a.j.t.JMeterThread: Thread started: Thread Group 1-2
2026-03-31 12:36:54,403 INFO o.a.j.t.JMeterThread: Thread started: Thread Group 1-3
2026-03-31 12:36:54,503 INFO o.a.j.t.JMeterThread: Thread started: Thread Group 1-4
2026-03-31 12:36:54,601 INFO o.a.j.t.JMeterThread: Thread started: Thread Group 1-5
2026-03-31 12:36:54,711 INFO o.a.j.t.JMeterThread: Thread started: Thread Group 1-6
2026-03-31 12:36:54,804 INFO o.a.j.t.JMeterThread: Thread started: Thread Group 1-7
2026-03-31 12:36:54,904 INFO o.a.j.t.JMeterThread: Thread started: Thread Group 1-8
2026-03-31 12:36:55,004 INFO o.a.j.t.JMeterThread: Thread started: Thread Group 1-9
2026-03-31 12:36:55,101 INFO o.a.j.t.JMeterThread: Thread started: Thread Group 1-10
2026-03-31 12:37:25,070 INFO o.a.j.t.JMeterThread: Thread is done: Thread Group 1-1
2026-03-31 12:37:25,070 INFO o.a.j.t.JMeterThread: Thread finished: Thread Group 1-1
2026-03-31 12:37:25,367 INFO o.a.j.t.JMeterThread: Thread is done: Thread Group 1-7
2026-03-31 12:37:25,367 INFO o.a.j.t.JMeterThread: Thread finished: Thread Group 1-7
2026-03-31 12:37:25,430 INFO o.a.j.t.JMeterThread: Thread is done: Thread Group 1-3
2026-03-31 12:37:25,430 INFO o.a.j.t.JMeterThread: Thread finished: Thread Group 1-3
2026-03-31 12:37:25,607 INFO o.a.j.t.JMeterThread: Thread is done: Thread Group 1-2
2026-03-31 12:37:25,607 INFO o.a.j.t.JMeterThread: Thread finished: Thread Group 1-2
2026-03-31 12:37:26,124 INFO o.a.j.t.JMeterThread: Thread is done: Thread Group 1-6
2026-03-31 12:37:26,124 INFO o.a.j.t.JMeterThread: Thread finished: Thread Group 1-6
2026-03-31 12:37:26,414 INFO o.a.j.t.JMeterThread: Thread is done: Thread Group 1-9
2026-03-31 12:37:26,414 INFO o.a.j.t.JMeterThread: Thread finished: Thread Group 1-9
2026-03-31 12:37:26,492 INFO o.a.j.t.JMeterThread: Thread is done: Thread Group 1-4
2026-03-31 12:37:26,492 INFO o.a.j.t.JMeterThread: Thread finished: Thread Group 1-4
2026-03-31 12:37:26,586 INFO o.a.j.t.JMeterThread: Thread is done: Thread Group 1-5
2026-03-31 12:37:26,586 INFO o.a.j.t.JMeterThread: Thread finished: Thread Group 1-5
2026-03-31 12:37:26,586 INFO o.a.j.t.JMeterThread: Thread is done: Thread Group 1-8
2026-03-31 12:37:26,586 INFO o.a.j.t.JMeterThread: Thread finished: Thread Group 1-8
2026-03-31 12:37:27,025 INFO o.a.j.t.JMeterThread: Thread is done: Thread Group 1-10
2026-03-31 12:37:27,025 INFO o.a.j.t.JMeterThread: Thread finished: Thread Group 1-10
2026-03-31 12:37:27,025 INFO o.a.j.e.StandardJMeterEngine: Notifying test listeners of end of test
2026-03-31 12:37:27,025 INFO o.a.j.g.u.JMeterMenuBar: setRunning(false, *local*)
2026-03-31 12:38:50,868 INFO o.a.j.e.StandardJMeterEngine: Running the test!
2026-03-31 12:38:50,868 INFO o.a.j.s.SampleEvent: List of sample_variables: []
2026-03-31 12:38:50,868 INFO o.a.j.g.u.JMeterMenuBar: setRunning(true, *local*)
2026-03-31 12:38:50,946 INFO o.a.j.e.StandardJMeterEngine: Starting ThreadGroup: 1 : Thread Group
2026-03-31 12:38:50,946 INFO o.a.j.e.StandardJMeterEngine: Starting 20 threads for group Thread Group.
2026-03-31 12:38:50,946 INFO o.a.j.e.StandardJMeterEngine: Thread will continue on error
2026-03-31 12:38:50,946 INFO o.a.j.t.ThreadGroup: Starting thread group... number=1 threads=20 ramp-up=1 delayedStart=false
2026-03-31 12:38:50,946 INFO o.a.j.t.ThreadGroup: Started thread group number 1
2026-03-31 12:38:50,946 INFO o.a.j.e.StandardJMeterEngine: All thread groups have been started
2026-03-31 12:38:50,962 INFO o.a.j.t.JMeterThread: Thread started: Thread Group 1-1
2026-03-31 12:38:51,024 INFO o.a.j.t.JMeterThread: Thread started: Thread Group 1-2
2026-03-31 12:38:51,087 INFO o.a.j.t.JMeterThread: Thread started: Thread Group 1-3
2026-03-31 12:38:51,118 INFO o.a.j.t.JMeterThread: Thread started: Thread Group 1-4
2026-03-31 12:38:51,181 INFO o.a.j.t.JMeterThread: Thread started: Thread Group 1-5
2026-03-31 12:38:51,212 INFO o.a.j.t.JMeterThread: Thread started: Thread Group 1-6
2026-03-31 12:38:51,274 INFO o.a.j.t.JMeterThread: Thread started: Thread Group 1-7
2026-03-31 12:38:51,321 INFO o.a.j.t.JMeterThread: Thread started: Thread Group 1-8
2026-03-31 12:38:51,368 INFO o.a.j.t.JMeterThread: Thread started: Thread Group 1-9
2026-03-31 12:38:51,415 INFO o.a.j.t.JMeterThread: Thread started: Thread Group 1-10
2026-03-31 12:38:51,462 INFO o.a.j.t.JMeterThread: Thread started: Thread Group 1-11
2026-03-31 12:38:51,524 INFO o.a.j.t.JMeterThread: Thread started: Thread Group 1-12
2026-03-31 12:38:51,571 INFO o.a.j.t.JMeterThread: Thread started: Thread Group 1-13
2026-03-31 12:38:51,618 INFO o.a.j.t.JMeterThread: Thread started: Thread Group 1-14
2026-03-31 12:38:51,665 INFO o.a.j.t.JMeterThread: Thread started: Thread Group 1-15
2026-03-31 12:38:51,712 INFO o.a.j.t.JMeterThread: Thread started: Thread Group 1-16
2026-03-31 12:38:51,774 INFO o.a.j.t.JMeterThread: Thread started: Thread Group 1-17
2026-03-31 12:38:51,821 INFO o.a.j.t.JMeterThread: Thread started: Thread Group 1-18
2026-03-31 12:38:51,872 INFO o.a.j.t.JMeterThread: Thread started: Thread Group 1-19
2026-03-31 12:38:51,915 INFO o.a.j.t.JMeterThread: Thread started: Thread Group 1-20
2026-03-31 12:40:24,588 INFO o.a.j.t.JMeterThread: Thread is done: Thread Group 1-12
2026-03-31 12:40:24,588 INFO o.a.j.t.JMeterThread: Thread finished: Thread Group 1-12
2026-03-31 12:40:24,885 INFO o.a.j.t.JMeterThread: Thread is done: Thread Group 1-11
2026-03-31 12:40:24,885 INFO o.a.j.t.JMeterThread: Thread finished: Thread Group 1-11
2026-03-31 12:40:25,229 INFO o.a.j.t.JMeterThread: Thread is done: Thread Group 1-5
2026-03-31 12:40:25,229 INFO o.a.j.t.JMeterThread: Thread finished: Thread Group 1-5
2026-03-31 12:40:25,322 INFO o.a.j.t.JMeterThread: Thread is done: Thread Group 1-14
2026-03-31 12:40:25,322 INFO o.a.j.t.JMeterThread: Thread finished: Thread Group 1-14
2026-03-31 12:40:25,447 INFO o.a.j.t.JMeterThread: Thread is done: Thread Group 1-4
2026-03-31 12:40:25,463 INFO o.a.j.t.JMeterThread: Thread finished: Thread Group 1-4
2026-03-31 12:40:25,758 INFO o.a.j.t.JMeterThread: Thread is done: Thread Group 1-10
2026-03-31 12:40:25,758 INFO o.a.j.t.JMeterThread: Thread finished: Thread Group 1-10
2026-03-31 12:40:25,901 INFO o.a.j.t.JMeterThread: Thread is done: Thread Group 1-9
2026-03-31 12:40:25,901 INFO o.a.j.t.JMeterThread: Thread finished: Thread Group 1-9
2026-03-31 12:40:25,901 INFO o.a.j.t.JMeterThread: Thread is done: Thread Group 1-1
2026-03-31 12:40:25,901 INFO o.a.j.t.JMeterThread: Thread finished: Thread Group 1-1
2026-03-31 12:40:25,979 INFO o.a.j.t.JMeterThread: Thread is done: Thread Group 1-13
2026-03-31 12:40:25,979 INFO o.a.j.t.JMeterThread: Thread finished: Thread Group 1-13
2026-03-31 12:40:25,994 INFO o.a.j.t.JMeterThread: Thread is done: Thread Group 1-16
2026-03-31 12:40:25,994 INFO o.a.j.t.JMeterThread: Thread finished: Thread Group 1-16
2026-03-31 12:40:26,119 INFO o.a.j.t.JMeterThread: Thread is done: Thread Group 1-8
2026-03-31 12:40:26,119 INFO o.a.j.t.JMeterThread: Thread finished: Thread Group 1-8
2026-03-31 12:40:26,158 INFO o.a.j.t.JMeterThread: Thread is done: Thread Group 1-6
2026-03-31 12:40:26,158 INFO o.a.j.t.JMeterThread: Thread finished: Thread Group 1-6
2026-03-31 12:40:26,276 INFO o.a.j.t.JMeterThread: Thread is done: Thread Group 1-19
2026-03-31 12:40:26,276 INFO o.a.j.t.JMeterThread: Thread finished: Thread Group 1-19
2026-03-31 12:40:26,400 INFO o.a.j.t.JMeterThread: Thread is done: Thread Group 1-17
2026-03-31 12:40:26,400 INFO o.a.j.t.JMeterThread: Thread finished: Thread Group 1-17
2026-03-31 12:40:26,603 INFO o.a.j.t.JMeterThread: Thread is done: Thread Group 1-15
2026-03-31 12:40:26,603 INFO o.a.j.t.JMeterThread: Thread finished: Thread Group 1-15
2026-03-31 12:40:27,479 INFO o.a.j.t.JMeterThread: Thread is done: Thread Group 1-20
2026-03-31 12:40:27,479 INFO o.a.j.t.JMeterThread: Thread finished: Thread Group 1-20
2026-03-31 12:40:27,791 INFO o.a.j.t.JMeterThread: Thread is done: Thread Group 1-7
2026-03-31 12:40:27,791 INFO o.a.j.t.JMeterThread: Thread finished: Thread Group 1-7
2026-03-31 12:40:33,088 INFO o.a.j.t.JMeterThread: Thread is done: Thread Group 1-2
2026-03-31 12:40:33,088 INFO o.a.j.t.JMeterThread: Thread finished: Thread Group 1-2
2026-03-31 12:40:34,010 INFO o.a.j.t.JMeterThread: Thread is done: Thread Group 1-3
2026-03-31 12:40:34,010 INFO o.a.j.t.JMeterThread: Thread finished: Thread Group 1-3
2026-03-31 12:40:34,260 INFO o.a.j.t.JMeterThread: Thread is done: Thread Group 1-18
2026-03-31 12:40:34,260 INFO o.a.j.t.JMeterThread: Thread finished: Thread Group 1-18
2026-03-31 12:40:34,260 INFO o.a.j.e.StandardJMeterEngine: Notifying test listeners of end of test
2026-03-31 12:40:34,260 INFO o.a.j.g.u.JMeterMenuBar: setRunning(false, *local*)
2026-03-31 12:45:11,794 INFO o.a.j.e.StandardJMeterEngine: Running the test!
2026-03-31 12:45:11,794 INFO o.a.j.s.SampleEvent: List of sample_variables: []
2026-03-31 12:45:11,794 INFO o.a.j.g.u.JMeterMenuBar: setRunning(true, *local*)
2026-03-31 12:45:11,872 INFO o.a.j.e.StandardJMeterEngine: Starting ThreadGroup: 1 : Thread Group
2026-03-31 12:45:11,872 INFO o.a.j.e.StandardJMeterEngine: Starting 20 threads for group Thread Group.
2026-03-31 12:45:11,872 INFO o.a.j.e.StandardJMeterEngine: Thread will continue on error
2026-03-31 12:45:11,872 INFO o.a.j.t.ThreadGroup: Starting thread group... number=1 threads=20 ramp-up=1 delayedStart=false
2026-03-31 12:45:11,888 INFO o.a.j.t.JMeterThread: Thread started: Thread Group 1-1
2026-03-31 12:45:11,888 INFO o.a.j.t.ThreadGroup: Started thread group number 1
2026-03-31 12:45:11,888 INFO o.a.j.e.StandardJMeterEngine: All thread groups have been started
2026-03-31 12:45:11,949 INFO o.a.j.t.JMeterThread: Thread started: Thread Group 1-2
2026-03-31 12:45:11,997 INFO o.a.j.t.JMeterThread: Thread started: Thread Group 1-3
2026-03-31 12:45:12,043 INFO o.a.j.t.JMeterThread: Thread started: Thread Group 1-4
2026-03-31 12:45:12,090 INFO o.a.j.t.JMeterThread: Thread started: Thread Group 1-5
2026-03-31 12:45:12,151 INFO o.a.j.t.JMeterThread: Thread started: Thread Group 1-6
2026-03-31 12:45:12,196 INFO o.a.j.t.JMeterThread: Thread started: Thread Group 1-7
2026-03-31 12:45:12,243 INFO o.a.j.t.JMeterThread: Thread started: Thread Group 1-8
2026-03-31 12:45:12,289 INFO o.a.j.t.JMeterThread: Thread started: Thread Group 1-9
2026-03-31 12:45:12,350 INFO o.a.j.t.JMeterThread: Thread started: Thread Group 1-10
2026-03-31 12:45:12,396 INFO o.a.j.t.JMeterThread: Thread started: Thread Group 1-11
2026-03-31 12:45:12,443 INFO o.a.j.t.JMeterThread: Thread started: Thread Group 1-12
2026-03-31 12:45:12,503 INFO o.a.j.t.JMeterThread: Thread started: Thread Group 1-13
2026-03-31 12:45:12,549 INFO o.a.j.t.JMeterThread: Thread started: Thread Group 1-14
2026-03-31 12:45:12,596 INFO o.a.j.t.JMeterThread: Thread started: Thread Group 1-15
2026-03-31 12:45:12,630 INFO o.a.j.t.JMeterThread: Thread started: Thread Group 1-16
2026-03-31 12:45:12,680 INFO o.a.j.t.JMeterThread: Thread started: Thread Group 1-17
2026-03-31 12:45:12,730 INFO o.a.j.t.JMeterThread: Thread started: Thread Group 1-18
2026-03-31 12:45:12,780 INFO o.a.j.t.JMeterThread: Thread started: Thread Group 1-19
2026-03-31 12:45:12,830 INFO o.a.j.t.JMeterThread: Thread started: Thread Group 1-20
2026-03-31 12:47:53,624 INFO o.a.j.g.a.Start: Stopping test
2026-03-31 12:47:53,686 INFO o.a.j.t.JMeterThread: Stopping: Thread Group 1-6
2026-03-31 12:47:53,686 WARN o.a.j.t.JMeterThread: Interrupting: Thread Group 1-6 sampler: get Login
2026-03-31 12:47:53,686 INFO o.a.j.t.JMeterThread: Stopping: Thread Group 1-3
2026-03-31 12:47:53,686 WARN o.a.j.t.JMeterThread: Interrupting: Thread Group 1-3 sampler: HTTP Request
2026-03-31 12:47:53,686 INFO o.a.j.t.JMeterThread: Thread finished: Thread Group 1-6
2026-03-31 12:47:53,686 INFO o.a.j.t.JMeterThread: Thread finished: Thread Group 1-3
2026-03-31 12:47:53,686 INFO o.a.j.t.JMeterThread: Stopping: Thread Group 1-18
2026-03-31 12:47:53,686 WARN o.a.j.t.JMeterThread: Interrupting: Thread Group 1-18 sampler: HTTP Request
2026-03-31 12:47:53,686 INFO o.a.j.t.JMeterThread: Stopping: Thread Group 1-9
2026-03-31 12:47:53,686 WARN o.a.j.t.JMeterThread: Interrupting: Thread Group 1-9 sampler: HTTP Request
2026-03-31 12:47:53,702 INFO o.a.j.t.JMeterThread: Thread finished: Thread Group 1-18
2026-03-31 12:47:53,702 INFO o.a.j.t.JMeterThread: Stopping: Thread Group 1-1
2026-03-31 12:47:53,702 INFO o.a.j.t.JMeterThread: Thread finished: Thread Group 1-9
2026-03-31 12:47:53,702 WARN o.a.j.t.JMeterThread: Interrupting: Thread Group 1-1 sampler: HTTP Request
2026-03-31 12:47:53,702 INFO o.a.j.t.JMeterThread: Stopping: Thread Group 1-12
2026-03-31 12:47:53,702 WARN o.a.j.t.JMeterThread: Interrupting: Thread Group 1-12 sampler: HTTP Request
2026-03-31 12:47:53,702 INFO o.a.j.t.JMeterThread: Thread finished: Thread Group 1-1
2026-03-31 12:47:53,702 INFO o.a.j.t.JMeterThread: Thread finished: Thread Group 1-12
2026-03-31 12:47:53,702 INFO o.a.j.t.JMeterThread: Stopping: Thread Group 1-2
2026-03-31 12:47:53,702 WARN o.a.j.t.JMeterThread: Interrupting: Thread Group 1-2 sampler: get Login
2026-03-31 12:47:53,702 INFO o.a.j.t.JMeterThread: Stopping: Thread Group 1-15
2026-03-31 12:47:53,702 WARN o.a.j.t.JMeterThread: Interrupting: Thread Group 1-15 sampler: HTTP Request
2026-03-31 12:47:53,702 INFO o.a.j.t.JMeterThread: Thread finished: Thread Group 1-2
2026-03-31 12:47:53,702 INFO o.a.j.t.JMeterThread: Thread finished: Thread Group 1-15
2026-03-31 12:47:53,702 INFO o.a.j.t.JMeterThread: Stopping: Thread Group 1-7
2026-03-31 12:47:53,702 WARN o.a.j.t.JMeterThread: Interrupting: Thread Group 1-7 sampler: get Login
2026-03-31 12:47:53,702 INFO o.a.j.t.JMeterThread: Stopping: Thread Group 1-16
2026-03-31 12:47:53,702 WARN o.a.j.t.JMeterThread: Interrupting: Thread Group 1-16 sampler: get Login
2026-03-31 12:47:53,702 INFO o.a.j.t.JMeterThread: Thread finished: Thread Group 1-7
2026-03-31 12:47:53,718 INFO o.a.j.t.JMeterThread: Stopping: Thread Group 1-17
2026-03-31 12:47:53,718 WARN o.a.j.t.JMeterThread: Interrupting: Thread Group 1-17 sampler: HTTP Request
2026-03-31 12:47:53,718 INFO o.a.j.t.JMeterThread: Thread finished: Thread Group 1-16
2026-03-31 12:47:53,718 INFO o.a.j.t.JMeterThread: Thread finished: Thread Group 1-17
2026-03-31 12:47:53,718 INFO o.a.j.t.JMeterThread: Stopping: Thread Group 1-4
2026-03-31 12:47:53,718 WARN o.a.j.t.JMeterThread: Interrupting: Thread Group 1-4 sampler: get Login
2026-03-31 12:47:53,718 INFO o.a.j.t.JMeterThread: Stopping: Thread Group 1-8
2026-03-31 12:47:53,718 WARN o.a.j.t.JMeterThread: Interrupting: Thread Group 1-8 sampler: get Login
2026-03-31 12:47:53,718 INFO o.a.j.t.JMeterThread: Thread finished: Thread Group 1-4
2026-03-31 12:47:53,718 INFO o.a.j.t.JMeterThread: Stopping: Thread Group 1-10
2026-03-31 12:47:53,718 WARN o.a.j.t.JMeterThread: Interrupting: Thread Group 1-10 sampler: HTTP Request
2026-03-31 12:47:53,718 INFO o.a.j.t.JMeterThread: Thread finished: Thread Group 1-8
2026-03-31 12:47:53,718 INFO o.a.j.t.JMeterThread: Stopping: Thread Group 1-14
2026-03-31 12:47:53,718 WARN o.a.j.t.JMeterThread: Interrupting: Thread Group 1-14 sampler: get Login
2026-03-31 12:47:53,718 INFO o.a.j.t.JMeterThread: Thread finished: Thread Group 1-10
2026-03-31 12:47:53,718 INFO o.a.j.t.JMeterThread: Stopping: Thread Group 1-5
2026-03-31 12:47:53,718 WARN o.a.j.t.JMeterThread: Interrupting: Thread Group 1-5 sampler: HTTP Request
2026-03-31 12:47:53,718 INFO o.a.j.t.JMeterThread: Thread finished: Thread Group 1-14
2026-03-31 12:47:53,733 INFO o.a.j.t.JMeterThread: Thread finished: Thread Group 1-5
2026-03-31 12:47:53,733 INFO o.a.j.t.JMeterThread: Stopping: Thread Group 1-13
2026-03-31 12:47:53,733 WARN o.a.j.t.JMeterThread: Interrupting: Thread Group 1-13 sampler: get Login
2026-03-31 12:47:53,733 INFO o.a.j.t.JMeterThread: Thread finished: Thread Group 1-13
2026-03-31 12:47:53,733 INFO o.a.j.t.JMeterThread: Stopping: Thread Group 1-20
2026-03-31 12:47:53,733 WARN o.a.j.t.JMeterThread: Interrupting: Thread Group 1-20 sampler: get Login
2026-03-31 12:47:53,749 INFO o.a.j.t.JMeterThread: Thread finished: Thread Group 1-20
2026-03-31 12:47:53,749 INFO o.a.j.t.JMeterThread: Stopping: Thread Group 1-11
2026-03-31 12:47:53,749 WARN o.a.j.t.JMeterThread: Interrupting: Thread Group 1-11 sampler: get Login
2026-03-31 12:47:53,749 INFO o.a.j.t.JMeterThread: Stopping: Thread Group 1-19
2026-03-31 12:47:53,749 WARN o.a.j.t.JMeterThread: Interrupting: Thread Group 1-19 sampler: get Login
2026-03-31 12:47:53,749 INFO o.a.j.t.JMeterThread: Thread finished: Thread Group 1-11
2026-03-31 12:47:53,749 INFO o.a.j.t.JMeterThread: Thread finished: Thread Group 1-19
2026-03-31 12:47:53,749 INFO o.a.j.e.StandardJMeterEngine: Notifying test listeners of end of test
2026-03-31 12:47:53,749 INFO o.a.j.g.u.JMeterMenuBar: setRunning(false, *local*)
2026-03-31 13:00:10,304 INFO o.a.j.e.StandardJMeterEngine: Running the test!
2026-03-31 13:00:10,304 INFO o.a.j.s.SampleEvent: List of sample_variables: []
2026-03-31 13:00:10,304 INFO o.a.j.g.u.JMeterMenuBar: setRunning(true, *local*)
2026-03-31 13:00:10,490 INFO o.a.j.e.StandardJMeterEngine: Starting ThreadGroup: 1 : Thread Group
2026-03-31 13:00:10,490 INFO o.a.j.e.StandardJMeterEngine: Starting 10 threads for group Thread Group.
2026-03-31 13:00:10,490 INFO o.a.j.e.StandardJMeterEngine: Thread will continue on error
2026-03-31 13:00:10,490 INFO o.a.j.t.ThreadGroup: Starting thread group... number=1 threads=10 ramp-up=1 delayedStart=false
2026-03-31 13:00:10,492 INFO o.a.j.t.ThreadGroup: Started thread group number 1
2026-03-31 13:00:10,492 INFO o.a.j.e.StandardJMeterEngine: All thread groups have been started
2026-03-31 13:00:10,528 INFO o.a.j.t.JMeterThread: Thread started: Thread Group 1-1
2026-03-31 13:00:10,627 INFO o.a.j.t.JMeterThread: Thread started: Thread Group 1-2
2026-03-31 13:00:10,726 INFO o.a.j.t.JMeterThread: Thread started: Thread Group 1-3
2026-03-31 13:00:10,827 INFO o.a.j.t.JMeterThread: Thread started: Thread Group 1-4
2026-03-31 13:00:10,926 INFO o.a.j.t.JMeterThread: Thread started: Thread Group 1-5
2026-03-31 13:00:11,026 INFO o.a.j.t.JMeterThread: Thread started: Thread Group 1-6
2026-03-31 13:00:11,126 INFO o.a.j.t.JMeterThread: Thread started: Thread Group 1-7
2026-03-31 13:00:11,227 INFO o.a.j.t.JMeterThread: Thread started: Thread Group 1-8
2026-03-31 13:00:11,327 INFO o.a.j.t.JMeterThread: Thread started: Thread Group 1-9
2026-03-31 13:00:11,427 INFO o.a.j.t.JMeterThread: Thread started: Thread Group 1-10
2026-03-31 13:01:43,758 INFO o.a.j.t.JMeterThread: Thread is done: Thread Group 1-1
2026-03-31 13:01:43,758 INFO o.a.j.t.JMeterThread: Thread finished: Thread Group 1-1
2026-03-31 13:01:44,102 INFO o.a.j.t.JMeterThread: Thread is done: Thread Group 1-9
2026-03-31 13:01:44,102 INFO o.a.j.t.JMeterThread: Thread finished: Thread Group 1-9
2026-03-31 13:01:44,680 INFO o.a.j.t.JMeterThread: Thread is done: Thread Group 1-3
2026-03-31 13:01:44,680 INFO o.a.j.t.JMeterThread: Thread finished: Thread Group 1-3
2026-03-31 13:01:44,836 INFO o.a.j.t.JMeterThread: Thread is done: Thread Group 1-5
2026-03-31 13:01:44,836 INFO o.a.j.t.JMeterThread: Thread finished: Thread Group 1-5
2026-03-31 13:01:45,331 INFO o.a.j.t.JMeterThread: Thread is done: Thread Group 1-7
2026-03-31 13:01:45,331 INFO o.a.j.t.JMeterThread: Thread finished: Thread Group 1-7
2026-03-31 13:01:45,399 INFO o.a.j.t.JMeterThread: Thread is done: Thread Group 1-6
2026-03-31 13:01:45,399 INFO o.a.j.t.JMeterThread: Thread finished: Thread Group 1-6
2026-03-31 13:01:46,711 INFO o.a.j.t.JMeterThread: Thread is done: Thread Group 1-10
2026-03-31 13:01:46,711 INFO o.a.j.t.JMeterThread: Thread finished: Thread Group 1-10
2026-03-31 13:01:48,196 INFO o.a.j.t.JMeterThread: Thread is done: Thread Group 1-2
2026-03-31 13:01:48,196 INFO o.a.j.t.JMeterThread: Thread finished: Thread Group 1-2
2026-03-31 13:01:48,962 INFO o.a.j.t.JMeterThread: Thread is done: Thread Group 1-4
2026-03-31 13:01:48,962 INFO o.a.j.t.JMeterThread: Thread finished: Thread Group 1-4
2026-03-31 13:01:49,555 INFO o.a.j.t.JMeterThread: Thread is done: Thread Group 1-8
2026-03-31 13:01:49,555 INFO o.a.j.t.JMeterThread: Thread finished: Thread Group 1-8
2026-03-31 13:01:49,555 INFO o.a.j.e.StandardJMeterEngine: Notifying test listeners of end of test
2026-03-31 13:01:49,555 INFO o.a.j.g.u.JMeterMenuBar: setRunning(false, *local*)
